<?xml version="1.0" encoding="UTF-8"?>
<testsuite xmlns:xsi="http://www.w3.org/2001/XMLSchema-instance" xsi:noNamespaceSchemaLocation="https://maven.apache.org/surefire/maven-surefire-plugin/xsd/surefire-test-report-3.0.xsd" version="3.0" name="com.epf.API.PlantControllerTest" time="0.187" tests="5" errors="0" skipped="0" failures="0">
  <properties>
[...]
</properties>
  <testcase name="testDeletePlant" classname="com.epf.API.PlantControllerTest" time="0.083">
    <system-out><![CDATA[12:19:36.541 [main] DEBUG _org.springframework.web.servlet.HandlerMapping.Mappings -- 
	c.e.A.PlantController:
	{PUT [/plantes/{id}]}: updatePlant(long,PlantDTO)
	{POST [/plantes]}: createPlant(PlantDTO)
	{DELETE [/plantes/{id}]}: deletePlant(long)
	{GET [/plantes/{id}]}: getPlantById(long)
	{GET [/plantes]}: getAllPlants()
12:19:36.542 [main] DEBUG org.springframework.web.servlet.mvc.method.annotation.RequestMappingHandlerMapping -- 5 mappings in org.springframework.web.servlet.mvc.method.annotation.RequestMappingHandlerMapping
12:19:36.544 [main] DEBUG org.springframework.web.servlet.mvc.method.annotation.RequestMappingHandlerAdapter -- ControllerAdvice beans: 0 @ModelAttribute, 0 @InitBinder, 1 RequestBodyAdvice, 1 ResponseBodyAdvice
12:19:36.545 [main] DEBUG org.springframework.web.servlet.mvc.method.annotation.ExceptionHandlerExceptionResolver -- ControllerAdvice beans: 0 @ExceptionHandler, 1 ResponseBodyAdvice
12:19:36.545 [main] INFO org.springframework.mock.web.MockServletContext -- Initializing Spring TestDispatcherServlet ''
12:19:36.545 [main] INFO org.springframework.test.web.servlet.TestDispatcherServlet -- Initializing Servlet ''
12:19:36.545 [main] DEBUG org.springframework.test.web.servlet.TestDispatcherServlet -- Detected AcceptHeaderLocaleResolver
12:19:36.545 [main] DEBUG org.springframework.test.web.servlet.TestDispatcherServlet -- Detected FixedThemeResolver
12:19:36.545 [main] DEBUG org.springframework.test.web.servlet.TestDispatcherServlet -- Detected org.springframework.web.servlet.view.DefaultRequestToViewNameTranslator@72b43104
12:19:36.545 [main] DEBUG org.springframework.test.web.servlet.TestDispatcherServlet -- Detected org.springframework.web.servlet.support.SessionFlashMapManager@e111c7c
12:19:36.546 [main] DEBUG org.springframework.test.web.servlet.TestDispatcherServlet -- enableLoggingRequestDetails='false': request parameters and headers will be masked to prevent unsafe logging of potentially sensitive data
12:19:36.546 [main] INFO org.springframework.test.web.servlet.TestDispatcherServlet -- Completed initialization in 1 ms
12:19:36.546 [main] DEBUG org.springframework.test.web.servlet.TestDispatcherServlet -- DELETE "/plantes/1", parameters={}
12:19:36.547 [main] DEBUG org.springframework.web.servlet.mvc.method.annotation.RequestMappingHandlerMapping -- Mapped to com.epf.API.PlantController#deletePlant(long)
12:19:36.548 [main] DEBUG org.springframework.web.servlet.mvc.method.annotation.RequestResponseBodyMethodProcessor -- Using 'application/json', given [*/*] and supported [application/json, application/*+json]
12:19:36.548 [main] DEBUG org.springframework.web.servlet.mvc.method.annotation.RequestResponseBodyMethodProcessor -- Nothing to write: null body
12:19:36.549 [main] DEBUG org.springframework.test.web.servlet.TestDispatcherServlet -- Completed 200 OK
]]></system-out>
  </testcase>
  <testcase name="testUpdatePlant" classname="com.epf.API.PlantControllerTest" time="0.032">
    <system-out><![CDATA[12:19:36.561 [main] DEBUG _org.springframework.web.servlet.HandlerMapping.Mappings -- 
	c.e.A.PlantController:
	{PUT [/plantes/{id}]}: updatePlant(long,PlantDTO)
	{POST [/plantes]}: createPlant(PlantDTO)
	{DELETE [/plantes/{id}]}: deletePlant(long)
	{GET [/plantes/{id}]}: getPlantById(long)
	{GET [/plantes]}: getAllPlants()
12:19:36.563 [main] DEBUG org.springframework.web.servlet.mvc.method.annotation.RequestMappingHandlerMapping -- 5 mappings in org.springframework.web.servlet.mvc.method.annotation.RequestMappingHandlerMapping
12:19:36.566 [main] DEBUG org.springframework.web.servlet.mvc.method.annotation.RequestMappingHandlerAdapter -- ControllerAdvice beans: 0 @ModelAttribute, 0 @InitBinder, 1 RequestBodyAdvice, 1 ResponseBodyAdvice
12:19:36.567 [main] DEBUG org.springframework.web.servlet.mvc.method.annotation.ExceptionHandlerExceptionResolver -- ControllerAdvice beans: 0 @ExceptionHandler, 1 ResponseBodyAdvice
12:19:36.567 [main] INFO org.springframework.mock.web.MockServletContext -- Initializing Spring TestDispatcherServlet ''
12:19:36.567 [main] INFO org.springframework.test.web.servlet.TestDispatcherServlet -- Initializing Servlet ''
12:19:36.567 [main] DEBUG org.springframework.test.web.servlet.TestDispatcherServlet -- Detected AcceptHeaderLocaleResolver
12:19:36.567 [main] DEBUG org.springframework.test.web.servlet.TestDispatcherServlet -- Detected FixedThemeResolver
12:19:36.567 [main] DEBUG org.springframework.test.web.servlet.TestDispatcherServlet -- Detected org.springframework.web.servlet.view.DefaultRequestToViewNameTranslator@76ececd
12:19:36.567 [main] DEBUG org.springframework.test.web.servlet.TestDispatcherServlet -- Detected org.springframework.web.servlet.support.SessionFlashMapManager@7affc159
12:19:36.567 [main] DEBUG org.springframework.test.web.servlet.TestDispatcherServlet -- enableLoggingRequestDetails='false': request parameters and headers will be masked to prevent unsafe logging of potentially sensitive data
12:19:36.567 [main] INFO org.springframework.test.web.servlet.TestDispatcherServlet -- Completed initialization in 0 ms
12:19:36.568 [main] DEBUG org.springframework.test.web.servlet.TestDispatcherServlet -- PUT "/plantes/1", parameters={}
12:19:36.568 [main] DEBUG org.springframework.web.servlet.mvc.method.annotation.RequestMappingHandlerMapping -- Mapped to com.epf.API.PlantController#updatePlant(long, PlantDTO)
12:19:36.577 [main] DEBUG org.springframework.web.servlet.mvc.method.annotation.RequestResponseBodyMethodProcessor -- Read "application/json" to [com.epf.API.PlantDTO@712c5463]
12:19:36.579 [main] DEBUG org.springframework.web.servlet.mvc.method.annotation.RequestResponseBodyMethodProcessor -- Using 'application/json', given [*/*] and supported [application/json, application/*+json]
12:19:36.580 [main] DEBUG org.springframework.web.servlet.mvc.method.annotation.RequestResponseBodyMethodProcessor -- Writing [com.epf.API.PlantDTO@712c5463]
12:19:36.582 [main] DEBUG org.springframework.test.web.servlet.TestDispatcherServlet -- Completed 200 OK
12:19:36.583 [main] DEBUG com.jayway.jsonpath.internal.path.CompiledPath -- Evaluating path: $['nom']
12:19:36.583 [main] DEBUG com.jayway.jsonpath.internal.path.CompiledPath -- Evaluating path: $['point_de_vie']
]]></system-out>
  </testcase>
  <testcase name="testCreatePlant" classname="com.epf.API.PlantControllerTest" time="0.025">
    <system-out><![CDATA[12:19:36.593 [main] DEBUG _org.springframework.web.servlet.HandlerMapping.Mappings -- 
	c.e.A.PlantController:
	{PUT [/plantes/{id}]}: updatePlant(long,PlantDTO)
	{POST [/plantes]}: createPlant(PlantDTO)
	{DELETE [/plantes/{id}]}: deletePlant(long)
	{GET [/plantes/{id}]}: getPlantById(long)
	{GET [/plantes]}: getAllPlants()
12:19:36.595 [main] DEBUG org.springframework.web.servlet.mvc.method.annotation.RequestMappingHandlerMapping -- 5 mappings in org.springframework.web.servlet.mvc.method.annotation.RequestMappingHandlerMapping
12:19:36.597 [main] DEBUG org.springframework.web.servlet.mvc.method.annotation.RequestMappingHandlerAdapter -- ControllerAdvice beans: 0 @ModelAttribute, 0 @InitBinder, 1 RequestBodyAdvice, 1 ResponseBodyAdvice
12:19:36.598 [main] DEBUG org.springframework.web.servlet.mvc.method.annotation.ExceptionHandlerExceptionResolver -- ControllerAdvice beans: 0 @ExceptionHandler, 1 ResponseBodyAdvice
12:19:36.598 [main] INFO org.springframework.mock.web.MockServletContext -- Initializing Spring TestDispatcherServlet ''
12:19:36.598 [main] INFO org.springframework.test.web.servlet.TestDispatcherServlet -- Initializing Servlet ''
12:19:36.599 [main] DEBUG org.springframework.test.web.servlet.TestDispatcherServlet -- Detected AcceptHeaderLocaleResolver
12:19:36.599 [main] DEBUG org.springframework.test.web.servlet.TestDispatcherServlet -- Detected FixedThemeResolver
12:19:36.599 [main] DEBUG org.springframework.test.web.servlet.TestDispatcherServlet -- Detected org.springframework.web.servlet.view.DefaultRequestToViewNameTranslator@6e03db1f
12:19:36.599 [main] DEBUG org.springframework.test.web.servlet.TestDispatcherServlet -- Detected org.springframework.web.servlet.support.SessionFlashMapManager@bfec2f9
12:19:36.600 [main] DEBUG org.springframework.test.web.servlet.TestDispatcherServlet -- enableLoggingRequestDetails='false': request parameters and headers will be masked to prevent unsafe logging of potentially sensitive data
12:19:36.600 [main] INFO org.springframework.test.web.servlet.TestDispatcherServlet -- Completed initialization in 1 ms
12:19:36.602 [main] DEBUG org.springframework.test.web.servlet.TestDispatcherServlet -- POST "/plantes", parameters={}
12:19:36.603 [main] DEBUG org.springframework.web.servlet.mvc.method.annotation.RequestMappingHandlerMapping -- Mapped to com.epf.API.PlantController#createPlant(PlantDTO)
12:19:36.605 [main] DEBUG org.springframework.web.servlet.mvc.method.annotation.RequestResponseBodyMethodProcessor -- Read "application/json" to [com.epf.API.PlantDTO@708eb310]
12:19:36.607 [main] DEBUG org.springframework.web.servlet.mvc.method.annotation.RequestResponseBodyMethodProcessor -- Using 'application/json', given [*/*] and supported [application/json, application/*+json]
12:19:36.607 [main] DEBUG org.springframework.web.servlet.mvc.method.annotation.RequestResponseBodyMethodProcessor -- Writing [com.epf.API.PlantDTO@708eb310]
12:19:36.608 [main] DEBUG org.springframework.test.web.servlet.TestDispatcherServlet -- Completed 200 OK
12:19:36.608 [main] DEBUG com.jayway.jsonpath.internal.path.CompiledPath -- Evaluating path: $['nom']
12:19:36.608 [main] DEBUG com.jayway.jsonpath.internal.path.CompiledPath -- Evaluating path: $['point_de_vie']
]]></system-out>
  </testcase>
  <testcase name="testGetPlantById" classname="com.epf.API.PlantControllerTest" time="0.021">
    <system-out><![CDATA[12:19:36.617 [main] DEBUG _org.springframework.web.servlet.HandlerMapping.Mappings -- 
	c.e.A.PlantController:
	{PUT [/plantes/{id}]}: updatePlant(long,PlantDTO)
	{POST [/plantes]}: createPlant(PlantDTO)
	{DELETE [/plantes/{id}]}: deletePlant(long)
	{GET [/plantes/{id}]}: getPlantById(long)
	{GET [/plantes]}: getAllPlants()
12:19:36.618 [main] DEBUG org.springframework.web.servlet.mvc.method.annotation.RequestMappingHandlerMapping -- 5 mappings in org.springframework.web.servlet.mvc.method.annotation.RequestMappingHandlerMapping
12:19:36.620 [main] DEBUG org.springframework.web.servlet.mvc.method.annotation.RequestMappingHandlerAdapter -- ControllerAdvice beans: 0 @ModelAttribute, 0 @InitBinder, 1 RequestBodyAdvice, 1 ResponseBodyAdvice
12:19:36.621 [main] DEBUG org.springframework.web.servlet.mvc.method.annotation.ExceptionHandlerExceptionResolver -- ControllerAdvice beans: 0 @ExceptionHandler, 1 ResponseBodyAdvice
12:19:36.621 [main] INFO org.springframework.mock.web.MockServletContext -- Initializing Spring TestDispatcherServlet ''
12:19:36.621 [main] INFO org.springframework.test.web.servlet.TestDispatcherServlet -- Initializing Servlet ''
12:19:36.621 [main] DEBUG org.springframework.test.web.servlet.TestDispatcherServlet -- Detected AcceptHeaderLocaleResolver
12:19:36.621 [main] DEBUG org.springframework.test.web.servlet.TestDispatcherServlet -- Detected FixedThemeResolver
12:19:36.621 [main] DEBUG org.springframework.test.web.servlet.TestDispatcherServlet -- Detected org.springframework.web.servlet.view.DefaultRequestToViewNameTranslator@55fee662
12:19:36.621 [main] DEBUG org.springframework.test.web.servlet.TestDispatcherServlet -- Detected org.springframework.web.servlet.support.SessionFlashMapManager@54089484
12:19:36.621 [main] DEBUG org.springframework.test.web.servlet.TestDispatcherServlet -- enableLoggingRequestDetails='false': request parameters and headers will be masked to prevent unsafe logging of potentially sensitive data
12:19:36.622 [main] INFO org.springframework.test.web.servlet.TestDispatcherServlet -- Completed initialization in 1 ms
12:19:36.623 [main] DEBUG org.springframework.test.web.servlet.TestDispatcherServlet -- GET "/plantes/1", parameters={}
12:19:36.623 [main] DEBUG org.springframework.web.servlet.mvc.method.annotation.RequestMappingHandlerMapping -- Mapped to com.epf.API.PlantController#getPlantById(long)
12:19:36.626 [main] DEBUG org.springframework.web.servlet.mvc.method.annotation.RequestResponseBodyMethodProcessor -- Using 'application/json', given [*/*] and supported [application/json, application/*+json]
12:19:36.626 [main] DEBUG org.springframework.web.servlet.mvc.method.annotation.RequestResponseBodyMethodProcessor -- Writing [com.epf.API.PlantDTO@45adc393]
12:19:36.627 [main] DEBUG org.springframework.test.web.servlet.TestDispatcherServlet -- Completed 200 OK
12:19:36.627 [main] DEBUG com.jayway.jsonpath.internal.path.CompiledPath -- Evaluating path: $['id_plante']
12:19:36.628 [main] DEBUG com.jayway.jsonpath.internal.path.CompiledPath -- Evaluating path: $['nom']
12:19:36.629 [main] DEBUG com.jayway.jsonpath.internal.path.CompiledPath -- Evaluating path: $['point_de_vie']
12:19:36.630 [main] DEBUG com.jayway.jsonpath.internal.path.CompiledPath -- Evaluating path: $['chemin_image']
]]></system-out>
  </testcase>
  <testcase name="testGetAllPlants" classname="com.epf.API.PlantControllerTest" time="0.019">
    <system-out><![CDATA[12:19:36.641 [main] DEBUG _org.springframework.web.servlet.HandlerMapping.Mappings -- 
	c.e.A.PlantController:
	{PUT [/plantes/{id}]}: updatePlant(long,PlantDTO)
	{POST [/plantes]}: createPlant(PlantDTO)
	{DELETE [/plantes/{id}]}: deletePlant(long)
	{GET [/plantes/{id}]}: getPlantById(long)
	{GET [/plantes]}: getAllPlants()
12:19:36.642 [main] DEBUG org.springframework.web.servlet.mvc.method.annotation.RequestMappingHandlerMapping -- 5 mappings in org.springframework.web.servlet.mvc.method.annotation.RequestMappingHandlerMapping
12:19:36.644 [main] DEBUG org.springframework.web.servlet.mvc.method.annotation.RequestMappingHandlerAdapter -- ControllerAdvice beans: 0 @ModelAttribute, 0 @InitBinder, 1 RequestBodyAdvice, 1 ResponseBodyAdvice
12:19:36.644 [main] DEBUG org.springframework.web.servlet.mvc.method.annotation.ExceptionHandlerExceptionResolver -- ControllerAdvice beans: 0 @ExceptionHandler, 1 ResponseBodyAdvice
12:19:36.645 [main] INFO org.springframework.mock.web.MockServletContext -- Initializing Spring TestDispatcherServlet ''
12:19:36.645 [main] INFO org.springframework.test.web.servlet.TestDispatcherServlet -- Initializing Servlet ''
12:19:36.645 [main] DEBUG org.springframework.test.web.servlet.TestDispatcherServlet -- Detected AcceptHeaderLocaleResolver
12:19:36.645 [main] DEBUG org.springframework.test.web.servlet.TestDispatcherServlet -- Detected FixedThemeResolver
12:19:36.645 [main] DEBUG org.springframework.test.web.servlet.TestDispatcherServlet -- Detected org.springframework.web.servlet.view.DefaultRequestToViewNameTranslator@5b5dce5c
12:19:36.645 [main] DEBUG org.springframework.test.web.servlet.TestDispatcherServlet -- Detected org.springframework.web.servlet.support.SessionFlashMapManager@7f4701b1
12:19:36.645 [main] DEBUG org.springframework.test.web.servlet.TestDispatcherServlet -- enableLoggingRequestDetails='false': request parameters and headers will be masked to prevent unsafe logging of potentially sensitive data
12:19:36.645 [main] INFO org.springframework.test.web.servlet.TestDispatcherServlet -- Completed initialization in 0 ms
12:19:36.646 [main] DEBUG org.springframework.test.web.servlet.TestDispatcherServlet -- GET "/plantes", parameters={}
12:19:36.646 [main] DEBUG org.springframework.web.servlet.mvc.method.annotation.RequestMappingHandlerMapping -- Mapped to com.epf.API.PlantController#getAllPlants()
12:19:36.648 [main] DEBUG org.springframework.web.servlet.mvc.method.annotation.RequestResponseBodyMethodProcessor -- Using 'application/json', given [*/*] and supported [application/json, application/*+json]
12:19:36.648 [main] DEBUG org.springframework.web.servlet.mvc.method.annotation.RequestResponseBodyMethodProcessor -- Writing [[com.epf.API.PlantDTO@fb49fdf, com.epf.API.PlantDTO@3a2e9f5b]]
12:19:36.650 [main] DEBUG org.springframework.test.web.servlet.TestDispatcherServlet -- Completed 200 OK
12:19:36.651 [main] DEBUG com.jayway.jsonpath.internal.path.CompiledPath -- Evaluating path: $[0]['id_plante']
12:19:36.651 [main] DEBUG com.jayway.jsonpath.internal.path.CompiledPath -- Evaluating path: $[0]['nom']
12:19:36.651 [main] DEBUG com.jayway.jsonpath.internal.path.CompiledPath -- Evaluating path: $[1]['id_plante']
12:19:36.652 [main] DEBUG com.jayway.jsonpath.internal.path.CompiledPath -- Evaluating path: $[1]['nom']
]]></system-out>
  </testcase>
</testsuite>