<?xml version="1.0" encoding="UTF-8"?>
<testsuite xmlns:xsi="http://www.w3.org/2001/XMLSchema-instance" xsi:noNamespaceSchemaLocation="https://maven.apache.org/surefire/maven-surefire-plugin/xsd/surefire-test-report-3.0.xsd" version="3.0" name="com.epf.Persistance.PlantDaoImplTest" time="0.008" tests="5" errors="0" skipped="0" failures="0">
  <properties>
[...]
</properties>
  <testcase name="create" classname="com.epf.Persistance.PlantDaoImplTest" time="0.001"/>
  <testcase name="delete" classname="com.epf.Persistance.PlantDaoImplTest" time="0.001"/>
  <testcase name="findAll" classname="com.epf.Persistance.PlantDaoImplTest" time="0.0"/>
  <testcase name="update" classname="com.epf.Persistance.PlantDaoImplTest" time="0.0"/>
  <testcase name="findById" classname="com.epf.Persistance.PlantDaoImplTest" time="0.001"/>
</testsuite>