<?xml version="1.0" encoding="UTF-8"?>
<testsuite xmlns:xsi="http://www.w3.org/2001/XMLSchema-instance" xsi:noNamespaceSchemaLocation="https://maven.apache.org/surefire/maven-surefire-plugin/xsd/surefire-test-report-3.0.xsd" version="3.0" name="com.epf.API.PlantDTOTest" time="0.176" tests="4" errors="0" skipped="0" failures="0">
  <properties>
[...]
</properties>
  <testcase name="testPlantDTOEquality" classname="com.epf.API.PlantDTOTest" time="0.002">
    <system-out><![CDATA[16:13:26.544 [main] DEBUG org.hibernate.validator.internal.xml.config.ValidationXmlParser -- Trying to load META-INF/validation.xml for XML based Validator configuration.
16:13:26.544 [main] DEBUG org.hibernate.validator.internal.xml.config.ResourceLoaderHelper -- Trying to load META-INF/validation.xml via TCCL
16:13:26.545 [main] DEBUG org.hibernate.validator.internal.xml.config.ResourceLoaderHelper -- Trying to load META-INF/validation.xml via Hibernate Validator's class loader
16:13:26.545 [main] DEBUG org.hibernate.validator.internal.xml.config.ValidationXmlParser -- No META-INF/validation.xml found. Using annotation based configuration only.
16:13:26.547 [main] DEBUG org.hibernate.validator.internal.engine.resolver.TraversableResolvers -- Cannot find jakarta.persistence.Persistence on classpath. Assuming non JPA 2 environment. All properties will per default be traversable.
16:13:26.548 [main] DEBUG org.hibernate.validator.messageinterpolation.ResourceBundleMessageInterpolator -- Loaded expression factory via original TCCL
16:13:26.554 [main] DEBUG org.hibernate.validator.internal.engine.ValidatorFactoryConfigurationHelper -- HV000252: Using org.hibernate.validator.internal.engine.DefaultPropertyNodeNameProvider as property node name provider.
16:13:26.555 [main] DEBUG org.hibernate.validator.internal.engine.ValidatorFactoryConfigurationHelper -- HV000234: Using org.hibernate.validator.messageinterpolation.ResourceBundleMessageInterpolator as ValidatorFactory-scoped message interpolator.
16:13:26.555 [main] DEBUG org.hibernate.validator.internal.engine.ValidatorFactoryConfigurationHelper -- HV000234: Using org.hibernate.validator.internal.engine.resolver.TraverseAllTraversableResolver as ValidatorFactory-scoped traversable resolver.
16:13:26.555 [main] DEBUG org.hibernate.validator.internal.engine.ValidatorFactoryConfigurationHelper -- HV000234: Using org.hibernate.validator.internal.util.ExecutableParameterNameProvider as ValidatorFactory-scoped parameter name provider.
16:13:26.555 [main] DEBUG org.hibernate.validator.internal.engine.ValidatorFactoryConfigurationHelper -- HV000234: Using org.hibernate.validator.internal.engine.DefaultClockProvider as ValidatorFactory-scoped clock provider.
16:13:26.555 [main] DEBUG org.hibernate.validator.internal.engine.ValidatorFactoryConfigurationHelper -- HV000234: Using org.hibernate.validator.internal.engine.scripting.DefaultScriptEvaluatorFactory as ValidatorFactory-scoped script evaluator factory.
]]></system-out>
  </testcase>
  <testcase name="testPlantDTOCreation" classname="com.epf.API.PlantDTOTest" time="0.003"/>
  <testcase name="testInvalidPlantDTO" classname="com.epf.API.PlantDTOTest" time="0.138"/>
  <testcase name="testValidEffets" classname="com.epf.API.PlantDTOTest" time="0.011"/>
</testsuite>